<?xml version="1.0" encoding="UTF-8"?>
<!-- Generated by org.testng.reporters.JUnitReportReporter -->
<testsuite hostname="CISPL-IO-80" failures="0" tests="4" name="CodeClouds.PracticeFrameWork.OrderPlaced" time="50.752" errors="0" timestamp="2023-10-18T19:38:27 IST" skipped="0">
  <testcase classname="CodeClouds.PracticeFrameWork.OrderPlaced" name="cartVerify" time="11.222"/>
  <testcase classname="CodeClouds.PracticeFrameWork.OrderPlaced" name="submitOrder" time="15.714"/>
  <testcase classname="CodeClouds.PracticeFrameWork.OrderPlaced" name="cartVerify" time="6.349"/>
  <testcase classname="CodeClouds.PracticeFrameWork.OrderPlaced" name="submitOrder" time="17.467"/>
</testsuite> <!-- CodeClouds.PracticeFrameWork.OrderPlaced -->
