<?xml version="1.0" encoding="UTF-8"?>
<!-- Generated by org.testng.reporters.JUnitReportReporter -->
<testsuite hostname="CISPL-IO-80" failures="0" tests="4" name="CodeClouds.PracticeFrameWork.OrderPlaced" time="48.916" errors="0" timestamp="2024-01-23T14:55:53 IST" skipped="0">
  <testcase classname="CodeClouds.PracticeFrameWork.OrderPlaced" name="cartVerify" time="6.423"/>
  <testcase classname="CodeClouds.PracticeFrameWork.OrderPlaced" name="submitOrder" time="9.545"/>
  <testcase classname="CodeClouds.PracticeFrameWork.OrderPlaced" name="cartVerify" time="17.181"/>
  <testcase classname="CodeClouds.PracticeFrameWork.OrderPlaced" name="submitOrder" time="15.767"/>
</testsuite> <!-- CodeClouds.PracticeFrameWork.OrderPlaced -->
