<?xml version="1.0" encoding="UTF-8"?>
<!-- Generated by org.testng.reporters.JUnitReportReporter -->
<testsuite hostname="CISPL-IO-80" failures="0" tests="1" name="CodeClouds.PracticeFrameWork.ValidationTest" time="8.285" errors="0" timestamp="2024-01-23T14:56:24 IST" skipped="0">
  <testcase classname="CodeClouds.PracticeFrameWork.ValidationTest" name="validationTest" time="8.285"/>
</testsuite> <!-- CodeClouds.PracticeFrameWork.ValidationTest -->
