<?xml version="1.0" encoding="UTF-8"?>
<!-- Generated by org.testng.reporters.JUnitReportReporter -->
<testsuite hostname="CISPL-IO-80" failures="0" tests="1" name="CodeClouds.PracticeFrameWork.ValidationTest" time="10.927" errors="0" timestamp="2023-10-27T19:20:44 IST" skipped="0">
  <testcase classname="CodeClouds.PracticeFrameWork.ValidationTest" name="validationTest" time="10.927"/>
</testsuite> <!-- CodeClouds.PracticeFrameWork.ValidationTest -->
