<?xml version="1.0" encoding="UTF-8"?>
<!-- Generated by org.testng.reporters.JUnitReportReporter -->
<testsuite hostname="CISPL-IO-80" failures="0" tests="4" name="CodeClouds.PracticeFrameWork.OrderPlaced" time="51.547" errors="0" timestamp="2023-10-19T19:47:27 IST" skipped="0">
  <testcase classname="CodeClouds.PracticeFrameWork.OrderPlaced" name="cartVerify" time="16.711"/>
  <testcase classname="CodeClouds.PracticeFrameWork.OrderPlaced" name="submitOrder" time="13.298"/>
  <testcase classname="CodeClouds.PracticeFrameWork.OrderPlaced" name="cartVerify" time="8.074"/>
  <testcase classname="CodeClouds.PracticeFrameWork.OrderPlaced" name="submitOrder" time="13.464"/>
</testsuite> <!-- CodeClouds.PracticeFrameWork.OrderPlaced -->
